<?xml version="1.0" encoding="UTF-8"?>
<!-- Generated by org.testng.reporters.JUnitReportReporter -->
<testsuite skipped="0" hostname="DESKTOP-9KRF9UB" name="com.testometer.pvrCinemasMain.PVRCinemasServicesTest" tests="1" failures="0" timestamp="2021-05-30T11:02:54 EDT" time="0.018" errors="0">
  <testcase name="sampleTest2" time="0.018" classname="com.testometer.pvrCinemasMain.PVRCinemasServicesTest"/>
  <system-out/>
</testsuite> <!-- com.testometer.pvrCinemasMain.PVRCinemasServicesTest -->
